<?xml version="1.0" encoding="UTF-8"?>
<testng-results ignored="0" total="3" passed="3" failed="0" skipped="0">
  <reporter-output>
  </reporter-output>
  <suite started-at="2024-07-31T08:57:05 IST" name="Suite" finished-at="2024-07-31T08:57:22 IST" duration-ms="17293">
    <groups>
    </groups>
    <test started-at="2024-07-31T08:57:05 IST" name="Test" finished-at="2024-07-31T08:57:22 IST" duration-ms="17293">
      <class name="MyTest.Guru_Test">
        <test-method is-config="true" signature="initDetails()[pri:0, instance:MyTest.Guru_Test@4a94ee4]" started-at="2024-07-31T08:57:05 IST" name="initDetails" finished-at="2024-07-31T08:57:11 IST" duration-ms="6689" status="PASS">
          <reporter-output>
          </reporter-output>
        </test-method> <!-- initDetails -->
        <test-method signature="login()[pri:0, instance:MyTest.Guru_Test@4a94ee4]" started-at="2024-07-31T08:57:11 IST" name="login" finished-at="2024-07-31T08:57:14 IST" duration-ms="2255" status="PASS">
          <reporter-output>
          </reporter-output>
        </test-method> <!-- login -->
        <test-method signature="newCustomer()[pri:1, instance:MyTest.Guru_Test@4a94ee4]" started-at="2024-07-31T08:57:14 IST" name="newCustomer" finished-at="2024-07-31T08:57:17 IST" duration-ms="3287" status="PASS">
          <reporter-output>
          </reporter-output>
        </test-method> <!-- newCustomer -->
        <test-method signature="editCustomer()[pri:2, instance:MyTest.Guru_Test@4a94ee4]" started-at="2024-07-31T08:57:17 IST" name="editCustomer" finished-at="2024-07-31T08:57:21 IST" duration-ms="4426" status="PASS">
          <reporter-output>
          </reporter-output>
        </test-method> <!-- editCustomer -->
        <test-method is-config="true" signature="tearDown()[pri:0, instance:MyTest.Guru_Test@4a94ee4]" started-at="2024-07-31T08:57:21 IST" name="tearDown" finished-at="2024-07-31T08:57:22 IST" duration-ms="526" status="PASS">
          <reporter-output>
          </reporter-output>
        </test-method> <!-- tearDown -->
      </class> <!-- MyTest.Guru_Test -->
    </test> <!-- Test -->
  </suite> <!-- Suite -->
</testng-results>
